<?xml version="1.0" encoding="UTF-8"?>
<testng-results skipped="0" failed="0" total="1" passed="1">
  <reporter-output>
  </reporter-output>
  <suite name="Automation Test" duration-ms="19117" started-at="2019-08-29T01:44:22Z" finished-at="2019-08-29T01:44:41Z">
    <groups>
    </groups>
    <test name="Chrome Test" duration-ms="19117" started-at="2019-08-29T01:44:22Z" finished-at="2019-08-29T01:44:41Z">
      <class name="EndToEndShoppingWorkflowTests">
        <test-method status="PASS" signature="open()[pri:0, instance:EndToEndShoppingWorkflowTests@7995092a]" name="open" duration-ms="18946" started-at="2019-08-28T21:44:22Z" finished-at="2019-08-28T21:44:41Z">
          <reporter-output>
          </reporter-output>
        </test-method> <!-- open -->
        <test-method status="PASS" signature="quitBrowser()[pri:0, instance:EndToEndShoppingWorkflowTests@7995092a]" name="quitBrowser" is-config="true" duration-ms="160" started-at="2019-08-28T21:44:41Z" finished-at="2019-08-28T21:44:41Z">
          <reporter-output>
          </reporter-output>
        </test-method> <!-- quitBrowser -->
      </class> <!-- EndToEndShoppingWorkflowTests -->
    </test> <!-- Chrome Test -->
  </suite> <!-- Automation Test -->
</testng-results>
