<?xml version="1.0" encoding="UTF-8"?>
<testng-results skipped="0" failed="0" total="1" passed="1">
  <reporter-output>
  </reporter-output>
  <suite name="Automation Test" duration-ms="17206" started-at="2019-08-29T05:24:05Z" finished-at="2019-08-29T05:24:22Z">
    <groups>
    </groups>
    <test name="Chrome Test" duration-ms="17206" started-at="2019-08-29T05:24:05Z" finished-at="2019-08-29T05:24:22Z">
      <class name="EndToEndShoppingWorkflowTests">
        <test-method status="PASS" signature="open()[pri:0, instance:EndToEndShoppingWorkflowTests@6293abcc]" name="open" duration-ms="17050" started-at="2019-08-29T01:24:05Z" finished-at="2019-08-29T01:24:22Z">
          <reporter-output>
          </reporter-output>
        </test-method> <!-- open -->
        <test-method status="PASS" signature="quitBrowser()[pri:0, instance:EndToEndShoppingWorkflowTests@6293abcc]" name="quitBrowser" is-config="true" duration-ms="148" started-at="2019-08-29T01:24:22Z" finished-at="2019-08-29T01:24:22Z">
          <reporter-output>
          </reporter-output>
        </test-method> <!-- quitBrowser -->
      </class> <!-- EndToEndShoppingWorkflowTests -->
    </test> <!-- Chrome Test -->
  </suite> <!-- Automation Test -->
</testng-results>
